<?xml version="1.0" encoding="UTF-8"?>
<!-- Generated by org.testng.reporters.JUnitReportReporter -->
<testsuite hostname="Yoga-Flame" name="smokeTests.Smoke_PrimaryNavTitles" tests="3" failures="0" timestamp="12 Sep 2017 10:45:59 GMT" time="43.808" errors="0">
  <testcase name="openContactForm" time="19.886" classname="smokeTests.Smoke_PrimaryNavTitles"/>
  <testcase name="openSocialMedia" time="18.043" classname="smokeTests.Smoke_PrimaryNavTitles"/>
  <testcase name="assertSitemapPage" time="5.879" classname="smokeTests.Smoke_PrimaryNavTitles"/>
</testsuite> <!-- smokeTests.Smoke_PrimaryNavTitles -->
