<?xml version="1.0" encoding="UTF-8"?>
<!-- Generated by org.testng.reporters.JUnitReportReporter -->
<testsuite hostname="Yoga-Flame" name="aaapageObjectTest.HomePageTest" tests="1" failures="0" timestamp="21 Sep 2017 22:25:40 GMT" time="17.357" errors="0">
  <testcase name="HelloSearch" time="17.357" classname="aaapageObjectTest.HomePageTest"/>
</testsuite> <!-- aaapageObjectTest.HomePageTest -->
