<?xml version="1.0" encoding="UTF-8"?>
<!-- Generated by org.testng.reporters.JUnitReportReporter -->
<testsuite hostname="Yoga-Flame" name="comNGFramework.Practice05_DataDrivenMethod" tests="3" failures="0" timestamp="10 Sep 2017 22:26:38 GMT" time="0.013" errors="0">
  <testcase name="testCountDropMethod" time="0.005" classname="comNGFramework.Practice05_DataDrivenMethod"/>
  <testcase name="testCountDropMethod" time="0.004" classname="comNGFramework.Practice05_DataDrivenMethod"/>
  <testcase name="testCountDropMethod" time="0.004" classname="comNGFramework.Practice05_DataDrivenMethod"/>
</testsuite> <!-- comNGFramework.Practice05_DataDrivenMethod -->
