<?xml version="1.0" encoding="UTF-8"?>
<!-- Generated by org.testng.reporters.JUnitReportReporter -->
<testsuite hostname="Yoga-Flame" name="comNGFramework.Practice01_Annotations" tests="2" failures="0" timestamp="10 Sep 2017 22:26:37 GMT" time="0.047" errors="0">
  <testcase name="printErrorMessage" time="0.023" classname="comNGFramework.Practice01_Annotations"/>
  <testcase name="openingBrowser" time="0.024" classname="comNGFramework.Practice01_Annotations"/>
</testsuite> <!-- comNGFramework.Practice01_Annotations -->
