<?xml version="1.0" encoding="UTF-8"?>
<!-- Generated by org.testng.reporters.JUnitReportReporter -->
<testsuite hostname="Yoga-Flame" name="Homepage.LatersWeb.smokeTestSite" tests="3" failures="0" timestamp="10 Sep 2017 21:57:53 GMT" time="51.703" errors="0">
  <testcase name="openContactForm" time="26.000" classname="Homepage.LatersWeb.smokeTestSite"/>
  <testcase name="openSocialMedia" time="18.356" classname="Homepage.LatersWeb.smokeTestSite"/>
  <testcase name="assertSitemapPage" time="7.347" classname="Homepage.LatersWeb.smokeTestSite"/>
</testsuite> <!-- Homepage.LatersWeb.smokeTestSite -->
