<?xml version="1.0" encoding="UTF-8"?>
<!-- Generated by org.testng.reporters.JUnitReportReporter -->
<testsuite hostname="Yoga-Flame" name="homepage.HomepageBannerWidget" tests="2" failures="0" timestamp="12 Sep 2017 15:26:38 GMT" time="4.084" errors="0">
  <testcase name="countAndClickTopicsSlides" time="1.160" classname="homepage.HomepageBannerWidget"/>
  <testcase name="clickAllSlidersInEachTopic" time="2.924" classname="homepage.HomepageBannerWidget"/>
</testsuite> <!-- homepage.HomepageBannerWidget -->
