<?xml version="1.0" encoding="UTF-8"?>
<!-- Generated by org.testng.reporters.JUnitReportReporter -->
<testsuite hostname="Yoga-Flame" name="homepage.HPPOM_LocalOfficeWidget" tests="1" failures="0" timestamp="23 Sep 2017 12:12:04 GMT" time="13.883" errors="0">
  <testcase name="searchLowerCase" time="13.883" classname="homepage.HPPOM_LocalOfficeWidget"/>
</testsuite> <!-- homepage.HPPOM_LocalOfficeWidget -->
