<?xml version="1.0" encoding="UTF-8"?>
<!-- Generated by org.testng.reporters.JUnitReportReporter -->
<testsuite hostname="Yoga-Flame" name="comNGFramework.Practice10_InheritanceExtends" tests="1" failures="0" timestamp="10 Sep 2017 22:26:38 GMT" time="39.580" errors="0">
  <testcase name="openBrowser" time="39.580" classname="comNGFramework.Practice10_InheritanceExtends"/>
</testsuite> <!-- comNGFramework.Practice10_InheritanceExtends -->
