<?xml version="1.0" encoding="UTF-8"?>
<!-- Generated by org.testng.reporters.JUnitReportReporter -->
<testsuite hostname="Yoga-Flame" name="comNGFramework.Practice08_IfElseWebDrivers" tests="1" failures="0" timestamp="10 Sep 2017 22:26:38 GMT" time="12.498" errors="0">
  <testcase name="login" time="12.498" classname="comNGFramework.Practice08_IfElseWebDrivers"/>
</testsuite> <!-- comNGFramework.Practice08_IfElseWebDrivers -->
