<?xml version="1.0" encoding="UTF-8"?>
<!-- Generated by org.testng.reporters.JUnitReportReporter -->
<testsuite hostname="Yoga-Flame" name="smokeTests.Smoke_PrimaryNavTitles" tests="1" failures="0" timestamp="25 Sep 2017 22:59:23 GMT" time="21.551" errors="0">
  <testcase name="openContactForm" time="21.551" classname="smokeTests.Smoke_PrimaryNavTitles"/>
</testsuite> <!-- smokeTests.Smoke_PrimaryNavTitles -->
