<?xml version="1.0" encoding="UTF-8"?>
<!-- Generated by org.testng.reporters.JUnitReportReporter -->
<testsuite hostname="Yoga-Flame" name="primaryNavigation.PM02_PrimaryNavTitles" tests="1" failures="0" timestamp="12 Sep 2017 18:49:31 GMT" time="5.102" errors="0">
  <testcase name="assertSitemapPage" time="5.102" classname="primaryNavigation.PM02_PrimaryNavTitles"/>
</testsuite> <!-- primaryNavigation.PM02_PrimaryNavTitles -->
