<?xml version="1.0" encoding="UTF-8"?>
<!-- Generated by org.testng.reporters.JUnitReportReporter -->
<testsuite hostname="Yoga-Flame" name="primaryNavigation.PM01_HomepageLink" tests="2" failures="0" timestamp="12 Sep 2017 18:40:44 GMT" time="15.065" errors="0">
  <testcase name="clickHomePagePracticePage" time="8.347" classname="primaryNavigation.PM01_HomepageLink"/>
  <testcase name="clickHomePageIcon" time="6.718" classname="primaryNavigation.PM01_HomepageLink"/>
</testsuite> <!-- primaryNavigation.PM01_HomepageLink -->
