<?xml version="1.0" encoding="UTF-8"?>
<!-- Generated by org.testng.reporters.JUnitReportReporter -->
<testsuite hostname="Yoga-Flame" name="comNGFramework.Practice03_DependencyAnnotations" tests="3" failures="0" timestamp="10 Sep 2017 22:26:37 GMT" time="0.113" errors="0">
  <testcase name="timeOutAttribute" time="0.096" classname="comNGFramework.Practice03_DependencyAnnotations"/>
  <testcase name="openBrowser" time="0.005" classname="comNGFramework.Practice03_DependencyAnnotations"/>
  <testcase name="openTravelWebsite" time="0.012" classname="comNGFramework.Practice03_DependencyAnnotations"/>
</testsuite> <!-- comNGFramework.Practice03_DependencyAnnotations -->
