<?xml version="1.0" encoding="UTF-8"?>
<!-- Generated by org.testng.reporters.JUnitReportReporter -->
<testsuite skipped="0" hostname="Yoga-Flame" name="implementingAnnotations.insightsPracticeFilter" tests="2" failures="0" timestamp="27 Aug 2017 00:50:59 GMT" time="5.298" errors="0">
  <testcase name="openSocialMedia" time="0.021" classname="implementingAnnotations.insightsPracticeFilter"/>
  <testcase name="practiceDropDown" time="5.277" classname="implementingAnnotations.insightsPracticeFilter"/>
</testsuite> <!-- implementingAnnotations.insightsPracticeFilter -->
