<?xml version="1.0" encoding="UTF-8"?>
<!-- Generated by org.testng.reporters.JUnitReportReporter -->
<testsuite skipped="0" hostname="Yoga-Flame" name="implementingAnnotations.LL_DataDrivenGetList" tests="2" failures="0" timestamp="27 Aug 2017 16:19:53 GMT" time="18.792" errors="0">
  <testcase name="ListAllFilterItems" time="8.580" classname="implementingAnnotations.LL_DataDrivenGetList"/>
  <testcase name="ListAllFilterItems" time="10.212" classname="implementingAnnotations.LL_DataDrivenGetList"/>
</testsuite> <!-- implementingAnnotations.LL_DataDrivenGetList -->
