<?xml version="1.0" encoding="UTF-8"?>
<!-- Generated by org.testng.reporters.JUnitReportReporter -->
<testsuite skipped="1" hostname="Yoga-Flame" name="comNGFramework.dependencyAnnotations" tests="4" failures="0" timestamp="23 Aug 2017 22:57:04 GMT" time="0.056" errors="0">
  <testcase name="openBrowser" time="0.003" classname="comNGFramework.dependencyAnnotations"/>
  <testcase name="openTravelWebsite" time="0.011" classname="comNGFramework.dependencyAnnotations"/>
  <testcase name="timeOutAttribute" time="0.042" classname="comNGFramework.dependencyAnnotations"/>
  <testcase name="knowIssueIgnore" classname="comNGFramework.dependencyAnnotations">
    <skipped/>
  </testcase> <!-- knowIssueIgnore -->
</testsuite> <!-- comNGFramework.dependencyAnnotations -->
