<?xml version="1.0" encoding="UTF-8"?>
<!-- Generated by org.testng.reporters.JUnitReportReporter -->
<testsuite hostname="Yoga-Flame" name="comNGFramework.Practice08_IfElseWebDrivers" tests="1" failures="0" timestamp="7 Sep 2017 21:57:14 GMT" time="28.563" errors="0">
  <testcase name="login" time="28.563" classname="comNGFramework.Practice08_IfElseWebDrivers"/>
</testsuite> <!-- comNGFramework.Practice08_IfElseWebDrivers -->
