<?xml version="1.0" encoding="UTF-8"?>
<!-- Generated by org.testng.reporters.JUnitReportReporter -->
<testsuite skipped="0" hostname="Yoga-Flame" name="implementingAnnotations.smokeTestSite" tests="3" failures="0" timestamp="23 Aug 2017 22:57:04 GMT" time="44.185" errors="0">
  <testcase name="assertSitemapPage" time="4.747" classname="implementingAnnotations.smokeTestSite"/>
  <testcase name="openContactForm" time="17.835" classname="implementingAnnotations.smokeTestSite"/>
  <testcase name="openSocialMedia" time="21.603" classname="implementingAnnotations.smokeTestSite"/>
</testsuite> <!-- implementingAnnotations.smokeTestSite -->
