<?xml version="1.0" encoding="UTF-8"?>
<!-- Generated by org.testng.reporters.JUnitReportReporter -->
<testsuite hostname="Yoga-Flame" name="comNGFramework.Practice10_InheritanceExtends" tests="1" failures="0" timestamp="9 Sep 2017 16:47:10 GMT" time="138.880" errors="0">
  <testcase name="openBrowser" time="138.880" classname="comNGFramework.Practice10_InheritanceExtends"/>
</testsuite> <!-- comNGFramework.Practice10_InheritanceExtends -->
