<?xml version="1.0" encoding="UTF-8"?>
<!-- Generated by org.testng.reporters.JUnitReportReporter -->
<testsuite hostname="Yoga-Flame" name="comNGFramework.Practice01_Annotations" tests="2" failures="0" timestamp="9 Sep 2017 16:47:10 GMT" time="0.006" errors="0">
  <testcase name="openingBrowser" time="0.003" classname="comNGFramework.Practice01_Annotations"/>
  <testcase name="printErrorMessage" time="0.003" classname="comNGFramework.Practice01_Annotations"/>
</testsuite> <!-- comNGFramework.Practice01_Annotations -->
