<?xml version="1.0" encoding="UTF-8"?>
<!-- Generated by org.testng.reporters.JUnitReportReporter -->
<testsuite hostname="Yoga-Flame" name="comNGFramework.Practice08_IfElseWebDrivers" tests="1" failures="0" timestamp="9 Sep 2017 16:47:10 GMT" time="41.483" errors="0">
  <testcase name="login" time="41.483" classname="comNGFramework.Practice08_IfElseWebDrivers"/>
</testsuite> <!-- comNGFramework.Practice08_IfElseWebDrivers -->
