<?xml version="1.0" encoding="UTF-8"?>
<!-- Generated by org.testng.reporters.JUnitReportReporter -->
<testsuite skipped="0" hostname="Yoga-Flame" name="comNGFramework.Practice10_InheritanceExtends" tests="1" failures="0" timestamp="06 Sep 2017 23:20:01 GMT" time="33.497" errors="0">
  <testcase name="openBrowser" time="33.497" classname="comNGFramework.Practice10_InheritanceExtends"/>
</testsuite> <!-- comNGFramework.Practice10_InheritanceExtends -->
