<?xml version="1.0" encoding="UTF-8"?>
<!-- Generated by org.testng.reporters.JUnitReportReporter -->
<testsuite hostname="Yoga-Flame" name="comNGFramework.Practice04_GroupingTests" tests="3" failures="0" timestamp="7 Sep 2017 21:57:14 GMT" time="53.542" errors="0">
  <testcase name="openSocialMedia" time="18.248" classname="comNGFramework.Practice04_GroupingTests"/>
  <testcase name="assertSitemapPage" time="12.841" classname="comNGFramework.Practice04_GroupingTests"/>
  <testcase name="openContactForm" time="22.453" classname="comNGFramework.Practice04_GroupingTests"/>
</testsuite> <!-- comNGFramework.Practice04_GroupingTests -->
