<?xml version="1.0" encoding="UTF-8"?>
<!-- Generated by org.testng.reporters.JUnitReportReporter -->
<testsuite skipped="0" hostname="Yoga-Flame" name="implementingAnnotations.filterAssertions" tests="3" failures="0" timestamp="26 Aug 2017 08:13:39 GMT" time="47.806" errors="0">
  <testcase name="assertSitemapPage" time="6.753" classname="implementingAnnotations.filterAssertions"/>
  <testcase name="openSocialMedia" time="18.468" classname="implementingAnnotations.filterAssertions"/>
  <testcase name="openContactForm" time="22.585" classname="implementingAnnotations.filterAssertions"/>
</testsuite> <!-- implementingAnnotations.filterAssertions -->
