<?xml version="1.0" encoding="UTF-8"?>
<!-- Generated by org.testng.reporters.JUnitReportReporter -->
<testsuite hostname="Yoga-Flame" name="comNGFramework.Practice07b_GllobalParamPlayAround" tests="1" failures="0" timestamp="7 Sep 2017 21:57:14 GMT" time="43.106" errors="0">
  <testcase name="login" time="43.106" classname="comNGFramework.Practice07b_GllobalParamPlayAround"/>
</testsuite> <!-- comNGFramework.Practice07b_GllobalParamPlayAround -->
