<?xml version="1.0" encoding="UTF-8"?>
<!-- Generated by org.testng.reporters.JUnitReportReporter -->
<testsuite hostname="Yoga-Flame" name="comNGFramework.Practice01_Annotations" tests="2" failures="0" timestamp="7 Sep 2017 21:57:14 GMT" time="0.006" errors="0">
  <testcase name="openingBrowser" time="0.002" classname="comNGFramework.Practice01_Annotations"/>
  <testcase name="printErrorMessage" time="0.004" classname="comNGFramework.Practice01_Annotations"/>
</testsuite> <!-- comNGFramework.Practice01_Annotations -->
