<?xml version="1.0" encoding="UTF-8"?>
<!-- Generated by org.testng.reporters.JUnitReportReporter -->
<testsuite skipped="0" hostname="Yoga-Flame" name="comNGFramework.Practice06_ParamatisingFromXML" tests="1" failures="0" timestamp="30 Aug 2017 23:12:42 GMT" time="13.284" errors="0">
  <testcase name="testing" time="13.284" classname="comNGFramework.Practice06_ParamatisingFromXML"/>
</testsuite> <!-- comNGFramework.Practice06_ParamatisingFromXML -->
