<?xml version="1.0" encoding="UTF-8"?>
<!-- Generated by org.testng.reporters.JUnitReportReporter -->
<testsuite skipped="0" hostname="Yoga-Flame" name="comNGFramework.Practice07b_GllobalParamPlayAround" tests="1" failures="0" timestamp="05 Sep 2017 21:33:03 GMT" time="25.178" errors="0">
  <testcase name="login" time="25.178" classname="comNGFramework.Practice07b_GllobalParamPlayAround"/>
</testsuite> <!-- comNGFramework.Practice07b_GllobalParamPlayAround -->
