<?xml version="1.0" encoding="UTF-8"?>
<!-- Generated by org.testng.reporters.JUnitReportReporter -->
<testsuite skipped="0" hostname="Yoga-Flame" name="comNGFramework.annotations" tests="2" failures="0" timestamp="22 Aug 2017 18:23:36 GMT" time="0.014" errors="0">
  <testcase name="openingBrowser" time="0.010" classname="comNGFramework.annotations"/>
  <testcase name="printErrorMessage" time="0.004" classname="comNGFramework.annotations"/>
</testsuite> <!-- comNGFramework.annotations -->
