<?xml version="1.0" encoding="UTF-8"?>
<!-- Generated by org.testng.reporters.JUnitReportReporter -->
<testsuite hostname="Yoga-Flame" name="comNGFramework.Practice06_ParamatisingFromXML" tests="1" failures="0" timestamp="9 Sep 2017 16:47:10 GMT" time="0.000" errors="1">
  <testcase name="testing" time="0.000" classname="comNGFramework.Practice06_ParamatisingFromXML">
    <error type="org.testng.TestNGException" message="
Parameter &#039;LiveSite&#039; is required by @Test on method testing but has not been marked @Optional or defined
in C:\Users\Paul\eclipse-workspace\comNGFramework\RunPackageLevel.xml">
      <![CDATA[org.testng.TestNGException: 
Parameter 'LiveSite' is required by @Test on method testing but has not been marked @Optional or defined
in C:\Users\Paul\eclipse-workspace\comNGFramework\RunPackageLevel.xml
	at org.testng.internal.Parameters.createParameters(Parameters.java:154)
	at org.testng.internal.Parameters.createParameters(Parameters.java:361)
	at org.testng.internal.Parameters.handleParameters(Parameters.java:451)
	at org.testng.internal.Invoker.handleParameters(Invoker.java:1270)
	at org.testng.internal.Invoker.createParameters(Invoker.java:985)
	at org.testng.internal.Invoker.invokeTestMethods(Invoker.java:1075)
	at org.testng.internal.TestMethodWorker.invokeTestMethods(TestMethodWorker.java:125)
	at org.testng.internal.TestMethodWorker.run(TestMethodWorker.java:108)
	at org.testng.TestRunner.privateRun(TestRunner.java:774)
	at org.testng.TestRunner.run(TestRunner.java:624)
	at org.testng.SuiteRunner.runTest(SuiteRunner.java:359)
	at org.testng.SuiteRunner.runSequentially(SuiteRunner.java:354)
	at org.testng.SuiteRunner.privateRun(SuiteRunner.java:312)
	at org.testng.SuiteRunner.run(SuiteRunner.java:261)
	at org.testng.SuiteRunnerWorker.runSuite(SuiteRunnerWorker.java:52)
	at org.testng.SuiteRunnerWorker.run(SuiteRunnerWorker.java:86)
	at org.testng.TestNG.runSuitesSequentially(TestNG.java:1215)
	at org.testng.TestNG.runSuitesLocally(TestNG.java:1140)
	at org.testng.TestNG.run(TestNG.java:1048)
	at org.testng.TestNG.privateMain(TestNG.java:1355)
	at org.testng.TestNG.main(TestNG.java:1324)
]]>
    </error>
  </testcase> <!-- testing -->
</testsuite> <!-- comNGFramework.Practice06_ParamatisingFromXML -->
