<?xml version="1.0" encoding="UTF-8"?>
<!-- Generated by org.testng.reporters.JUnitReportReporter -->
<testsuite hostname="Yoga-Flame" name="comNGFramework.Practice03_DependencyAnnotations" tests="3" failures="0" timestamp="9 Sep 2017 16:47:10 GMT" time="0.102" errors="0">
  <testcase name="openBrowser" time="0.000" classname="comNGFramework.Practice03_DependencyAnnotations"/>
  <testcase name="openTravelWebsite" time="0.000" classname="comNGFramework.Practice03_DependencyAnnotations"/>
  <testcase name="timeOutAttribute" time="0.102" classname="comNGFramework.Practice03_DependencyAnnotations"/>
</testsuite> <!-- comNGFramework.Practice03_DependencyAnnotations -->
