<?xml version="1.0" encoding="UTF-8"?>
<!-- Generated by org.testng.reporters.JUnitReportReporter -->
<testsuite hostname="Yoga-Flame" name="comNGFramework.Practice07_GllobalParameterization" tests="1" failures="0" timestamp="9 Sep 2017 16:47:10 GMT" time="0.001" errors="0">
  <testcase name="login" time="0.001" classname="comNGFramework.Practice07_GllobalParameterization"/>
</testsuite> <!-- comNGFramework.Practice07_GllobalParameterization -->
