<?xml version="1.0" encoding="UTF-8"?>
<!-- Generated by org.testng.reporters.JUnitReportReporter -->
<testsuite skipped="0" hostname="Yoga-Flame" name="comNGFramework.groupingTests" tests="3" failures="0" timestamp="23 Aug 2017 22:47:41 GMT" time="58.005" errors="0">
  <testcase name="assertSitemapPage" time="5.245" classname="comNGFramework.groupingTests"/>
  <testcase name="openContactForm" time="33.169" classname="comNGFramework.groupingTests"/>
  <testcase name="openSocialMedia" time="19.591" classname="comNGFramework.groupingTests"/>
</testsuite> <!-- comNGFramework.groupingTests -->
