<?xml version="1.0" encoding="UTF-8"?>
<!-- Generated by org.testng.reporters.JUnitReportReporter -->
<testsuite hostname="Yoga-Flame" name="comNGFramework.Practice10_InheritanceExtends" tests="1" failures="0" timestamp="7 Sep 2017 21:57:14 GMT" time="33.252" errors="0">
  <testcase name="openBrowser" time="33.252" classname="comNGFramework.Practice10_InheritanceExtends"/>
</testsuite> <!-- comNGFramework.Practice10_InheritanceExtends -->
