<?xml version="1.0" encoding="UTF-8"?>
<!-- Generated by org.testng.reporters.JUnitReportReporter -->
<testsuite hostname="Yoga-Flame" name="comNGFramework.Practice05_DataDrivenMethod" tests="3" failures="0" timestamp="7 Sep 2017 21:57:15 GMT" time="0.001" errors="0">
  <testcase name="testCountDropMethod" time="0.000" classname="comNGFramework.Practice05_DataDrivenMethod"/>
  <testcase name="testCountDropMethod" time="0.001" classname="comNGFramework.Practice05_DataDrivenMethod"/>
  <testcase name="testCountDropMethod" time="0.000" classname="comNGFramework.Practice05_DataDrivenMethod"/>
</testsuite> <!-- comNGFramework.Practice05_DataDrivenMethod -->
