<?xml version="1.0" encoding="UTF-8"?>
<!-- Generated by org.testng.reporters.JUnitReportReporter -->
<testsuite skipped="0" hostname="Yoga-Flame" name="comNGFramework.Practice07_GllobalParameterization" tests="1" failures="0" timestamp="05 Sep 2017 18:58:58 GMT" time="0.045" errors="0">
  <testcase name="login" time="0.045" classname="comNGFramework.Practice07_GllobalParameterization"/>
</testsuite> <!-- comNGFramework.Practice07_GllobalParameterization -->
