<?xml version="1.0" encoding="UTF-8"?>
<!-- Generated by org.testng.reporters.JUnitReportReporter -->
<testsuite skipped="0" hostname="Yoga-Flame" name="comNGFramework.practiceMethods" tests="3" failures="0" timestamp="27 Aug 2017 12:08:29 GMT" time="0.145" errors="0">
  <testcase name="testCountDropMethod" time="0.145" classname="comNGFramework.practiceMethods"/>
  <testcase name="testCountDropMethod" time="0.000" classname="comNGFramework.practiceMethods"/>
  <testcase name="testCountDropMethod" time="0.000" classname="comNGFramework.practiceMethods"/>
</testsuite> <!-- comNGFramework.practiceMethods -->
