<?xml version="1.0" encoding="UTF-8"?>
<!-- Generated by org.testng.reporters.JUnitReportReporter -->
<testsuite skipped="0" hostname="Yoga-Flame" name="implementingAnnotations.insightsPracticeFilter" tests="1" failures="0" timestamp="12 Sep 2017 19:00:53 GMT" time="5.231" errors="0">
  <testcase name="practiceDropDown" time="5.231" classname="implementingAnnotations.insightsPracticeFilter"/>
</testsuite> <!-- implementingAnnotations.insightsPracticeFilter -->
