<?xml version="1.0" encoding="UTF-8"?>
<!-- Generated by org.testng.reporters.JUnitReportReporter -->
<testsuite hostname="Yoga-Flame" name="comNGFramework.Practice03_DependencyAnnotations" tests="3" failures="0" timestamp="7 Sep 2017 21:57:14 GMT" time="0.034" errors="0">
  <testcase name="openBrowser" time="0.001" classname="comNGFramework.Practice03_DependencyAnnotations"/>
  <testcase name="openTravelWebsite" time="0.001" classname="comNGFramework.Practice03_DependencyAnnotations"/>
  <testcase name="timeOutAttribute" time="0.032" classname="comNGFramework.Practice03_DependencyAnnotations"/>
</testsuite> <!-- comNGFramework.Practice03_DependencyAnnotations -->
