<?xml version="1.0" encoding="UTF-8"?>
<!-- Generated by org.testng.reporters.JUnitReportReporter -->
<testsuite skipped="0" hostname="Yoga-Flame" name="implementingAnnotations.LL_DataDrivenGetList" tests="1" failures="0" timestamp="27 Aug 2017 23:16:07 GMT" time="8.271" errors="0">
  <testcase name="LandingPageSearch" time="8.271" classname="implementingAnnotations.LL_DataDrivenGetList"/>
</testsuite> <!-- implementingAnnotations.LL_DataDrivenGetList -->
