<?xml version="1.0" encoding="UTF-8"?>
<!-- Generated by org.testng.reporters.JUnitReportReporter -->
<testsuite hostname="Yoga-Flame" name="comNGFramework.Practice04_GroupingTests" tests="3" failures="0" timestamp="9 Sep 2017 16:47:10 GMT" time="98.660" errors="0">
  <testcase name="openSocialMedia" time="23.911" classname="comNGFramework.Practice04_GroupingTests"/>
  <testcase name="assertSitemapPage" time="19.807" classname="comNGFramework.Practice04_GroupingTests"/>
  <testcase name="openContactForm" time="54.942" classname="comNGFramework.Practice04_GroupingTests"/>
</testsuite> <!-- comNGFramework.Practice04_GroupingTests -->
