<?xml version="1.0" encoding="UTF-8"?>
<!-- Generated by org.testng.reporters.JUnitReportReporter -->
<testsuite hostname="Yoga-Flame" name="comNGFramework.Practice07b_GllobalParamPlayAround" tests="1" failures="0" timestamp="9 Sep 2017 16:47:10 GMT" time="154.270" errors="0">
  <testcase name="login" time="154.270" classname="comNGFramework.Practice07b_GllobalParamPlayAround"/>
</testsuite> <!-- comNGFramework.Practice07b_GllobalParamPlayAround -->
