<?xml version="1.0" encoding="UTF-8"?>
<!-- Generated by org.testng.reporters.JUnitReportReporter -->
<testsuite hostname="Yoga-Flame" name="testCases.HomePageTest" tests="1" failures="0" timestamp="23 Sep 2017 13:38:45 GMT" time="24.297" errors="0">
  <testcase name="OpenAndSearch" time="24.297" classname="testCases.HomePageTest"/>
</testsuite> <!-- testCases.HomePageTest -->
